<?xml version="1.0" encoding="UTF-8"?>
<robot generator="Robot 6.0.1 (Python 3.10.7 on win32)" generated="20221119 20:20:09.897" rpa="false" schemaversion="3">
<suite id="s1" name="InputBox" source="c:\Users\Chafik\Desktop\RobotSeance2\InputBox.robot">
<test id="s1-t1" name="testInputBox" line="10">
<kw name="Open Browser" library="SeleniumLibrary">
<arg>${url1}</arg>
<arg>${browser}</arg>
<doc>Opens a new browser instance to the optional ``url``.</doc>
<msg timestamp="20221119 20:20:10.426" level="INFO">Opening browser 'gc' to base url 'https://login.salesforce.com/'.</msg>
<status status="PASS" starttime="20221119 20:20:10.425" endtime="20221119 20:20:14.458"/>
</kw>
<kw name="Maximize Browser Window" library="SeleniumLibrary">
<doc>Maximizes current browser window.</doc>
<status status="PASS" starttime="20221119 20:20:14.462" endtime="20221119 20:20:14.771"/>
</kw>
<kw name="Element Should Be Visible" library="SeleniumLibrary">
<arg>xpath://input[@id='username']</arg>
<doc>Verifies that the element identified by ``locator`` is visible.</doc>
<msg timestamp="20221119 20:20:15.062" level="INFO">Element 'xpath://input[@id='username']' is displayed.</msg>
<status status="PASS" starttime="20221119 20:20:14.772" endtime="20221119 20:20:15.062"/>
</kw>
<kw name="Element Should Be Enabled" library="SeleniumLibrary">
<arg>xpath://input[@id='username']</arg>
<doc>Verifies that element identified by ``locator`` is enabled.</doc>
<status status="PASS" starttime="20221119 20:20:15.068" endtime="20221119 20:20:15.999"/>
</kw>
<kw name="Input Text" library="SeleniumLibrary">
<arg>xpath://input[@id='username']</arg>
<arg>${username}</arg>
<doc>Types the given ``text`` into the text field identified by ``locator``.</doc>
<msg timestamp="20221119 20:20:16.001" level="INFO">Typing text 'admin' into text field 'xpath://input[@id='username']'.</msg>
<status status="PASS" starttime="20221119 20:20:16.000" endtime="20221119 20:20:17.211"/>
</kw>
<kw name="Element Should Be Visible" library="SeleniumLibrary">
<arg>xpath://input[@id='password']</arg>
<doc>Verifies that the element identified by ``locator`` is visible.</doc>
<msg timestamp="20221119 20:20:17.630" level="INFO">Element 'xpath://input[@id='password']' is displayed.</msg>
<status status="PASS" starttime="20221119 20:20:17.224" endtime="20221119 20:20:17.631"/>
</kw>
<kw name="Element Should Be Enabled" library="SeleniumLibrary">
<arg>xpath://input[@id='password']</arg>
<doc>Verifies that element identified by ``locator`` is enabled.</doc>
<status status="PASS" starttime="20221119 20:20:17.642" endtime="20221119 20:20:17.927"/>
</kw>
<kw name="Input Password" library="SeleniumLibrary">
<arg>xpath://input[@id='password']</arg>
<arg>${password}</arg>
<doc>Types the given password into the text field identified by ``locator``.</doc>
<msg timestamp="20221119 20:20:17.929" level="INFO">Typing password into text field 'xpath://input[@id='password']'.</msg>
<msg timestamp="20221119 20:20:18.197" level="INFO">Temporally setting log level to: NONE</msg>
<msg timestamp="20221119 20:20:18.350" level="INFO">Log level changed from NONE to INFO.</msg>
<status status="PASS" starttime="20221119 20:20:17.928" endtime="20221119 20:20:18.350"/>
</kw>
<kw name="Sleep" library="BuiltIn">
<arg>4</arg>
<doc>Pauses the test executed for the given time.</doc>
<msg timestamp="20221119 20:20:22.375" level="INFO">Slept 4 seconds</msg>
<status status="PASS" starttime="20221119 20:20:18.358" endtime="20221119 20:20:22.376"/>
</kw>
<kw name="Clear Element Text" library="SeleniumLibrary">
<arg>xpath://input[@id='username']</arg>
<doc>Clears the value of the text-input-element identified by ``locator``.</doc>
<status status="PASS" starttime="20221119 20:20:22.417" endtime="20221119 20:20:22.570"/>
</kw>
<kw name="Sleep" library="BuiltIn">
<arg>3</arg>
<doc>Pauses the test executed for the given time.</doc>
<msg timestamp="20221119 20:20:25.582" level="INFO">Slept 3 seconds</msg>
<status status="PASS" starttime="20221119 20:20:22.571" endtime="20221119 20:20:25.582"/>
</kw>
<kw name="Close Browser" library="SeleniumLibrary">
<doc>Closes the current browser.</doc>
<status status="PASS" starttime="20221119 20:20:25.584" endtime="20221119 20:20:32.383"/>
</kw>
<status status="PASS" starttime="20221119 20:20:10.423" endtime="20221119 20:20:32.384"/>
</test>
<status status="PASS" starttime="20221119 20:20:09.903" endtime="20221119 20:20:32.387"/>
</suite>
<statistics>
<total>
<stat pass="1" fail="0" skip="0">All Tests</stat>
</total>
<tag>
</tag>
<suite>
<stat pass="1" fail="0" skip="0" id="s1" name="InputBox">InputBox</stat>
</suite>
</statistics>
<errors>
</errors>
</robot>
